<?xml version="1.0" encoding="UTF-8"?>
<Site BuildName="Linux-clang++"
	BuildStamp="20230722-1217-Experimental"
	Name="DESKTOP-7QP101N"
	Generator="ctest-3.22.1"
	CompilerName="/usr/bin/clang++"
	CompilerVersion="14.0.0"
	OSName="Linux"
	Hostname="DESKTOP-7QP101N"
	OSRelease="5.15.90.1-microsoft-standard-WSL2"
	OSVersion="#1 SMP Fri Jan 27 02:56:13 UTC 2023"
	OSPlatform="x86_64"
	Is64Bits="1"
	VendorString="AuthenticAMD"
	VendorID="Advanced Micro Devices"
	FamilyID="25"
	ModelID="97"
	ProcessorCacheSize="1024"
	NumberOfLogicalCPU="24"
	NumberOfPhysicalCPU="12"
	TotalVirtualMemory="4096"
	TotalPhysicalMemory="15567"
	LogicalProcessorsPerPhysical="2"
	ProcessorClockFrequency="4699.91"
	>
	<Testing>
		<StartDateTime>Jul 22 13:28 BST</StartDateTime>
		<StartTestTime>1690028883</StartTestTime>
		<TestList/>
		<EndDateTime>Jul 22 13:28 BST</EndDateTime>
		<EndTestTime>1690028883</EndTestTime>
		<ElapsedMinutes>0</ElapsedMinutes>
	</Testing>
</Site>
